[2025-10-28T00:00:06.458Z] ERROR: 💥 Uncaught Exception: spawn EFTYPE
[2025-10-28T00:00:06.458Z] ERROR: ♻️ Restarting due to: Uncaught Exception
Time: 28/10/2025, 03:00:06
[2025-10-28T00:00:13.451Z] ERROR: ❌ Error sending IPN: timeout of 10000ms exceeded
[2025-10-28T00:00:16.495Z] ERROR: 💥 Uncaught Exception: spawn EFTYPE
[2025-10-28T00:00:16.496Z] ERROR: ♻️ Restarting due to: Uncaught Exception
Time: 28/10/2025, 03:00:16
[2025-10-28T00:00:26.566Z] ERROR: 💥 Uncaught Exception: spawn EFTYPE
[2025-10-28T00:00:26.566Z] ERROR: ♻️ Restarting due to: Uncaught Exception
Time: 28/10/2025, 03:00:26
[2025-10-28T00:00:33.456Z] ERROR: ❌ Error sending IPN: getaddrinfo ENOTFOUND unhonoured-carisa-pseudodiphtheric.ngrok-free.dev
[2025-10-28T00:00:36.638Z] ERROR: 💥 Uncaught Exception: spawn EFTYPE
[2025-10-28T00:00:36.638Z] ERROR: ♻️ Restarting due to: Uncaught Exception
Time: 28/10/2025, 03:00:36
[2025-10-28T00:00:46.709Z] ERROR: 💥 Uncaught Exception: spawn EFTYPE
[2025-10-28T00:00:46.709Z] ERROR: ♻️ Restarting due to: Uncaught Exception
Time: 28/10/2025, 03:00:46
[2025-10-28T00:00:56.781Z] ERROR: 💥 Uncaught Exception: spawn EFTYPE
[2025-10-28T00:00:56.781Z] ERROR: ♻️ Restarting due to: Uncaught Exception
Time: 28/10/2025, 03:00:56
[2025-10-28T00:01:03.458Z] ERROR: ❌ Error sending IPN: getaddrinfo ENOTFOUND unhonoured-carisa-pseudodiphtheric.ngrok-free.dev
[2025-10-28T00:01:06.862Z] ERROR: 💥 Uncaught Exception: spawn EFTYPE
[2025-10-28T00:01:06.863Z] ERROR: ♻️ Restarting due to: Uncaught Exception
Time: 28/10/2025, 03:01:06
[2025-10-28T00:01:16.945Z] ERROR: 💥 Uncaught Exception: spawn EFTYPE
[2025-10-28T00:01:16.945Z] ERROR: ♻️ Restarting due to: Uncaught Exception
Time: 28/10/2025, 03:01:16
[2025-10-28T00:01:27.017Z] ERROR: 💥 Uncaught Exception: spawn EFTYPE
[2025-10-28T00:01:27.018Z] ERROR: ♻️ Restarting due to: Uncaught Exception
Time: 28/10/2025, 03:01:27
[2025-10-28T00:01:33.459Z] ERROR: ❌ Error sending IPN: getaddrinfo ENOTFOUND unhonoured-carisa-pseudodiphtheric.ngrok-free.dev
[2025-10-28T00:01:37.099Z] ERROR: 💥 Uncaught Exception: spawn EFTYPE
[2025-10-28T00:01:37.099Z] ERROR: ♻️ Restarting due to: Uncaught Exception
Time: 28/10/2025, 03:01:37
[2025-10-28T00:01:47.181Z] ERROR: 💥 Uncaught Exception: spawn EFTYPE
[2025-10-28T00:01:47.181Z] ERROR: ♻️ Restarting due to: Uncaught Exception
Time: 28/10/2025, 03:01:47
[2025-10-28T00:01:57.263Z] ERROR: 💥 Uncaught Exception: spawn EFTYPE
[2025-10-28T00:01:57.264Z] ERROR: ♻️ Restarting due to: Uncaught Exception
Time: 28/10/2025, 03:01:57
[2025-10-28T00:02:03.490Z] ERROR: ❌ Error sending IPN: getaddrinfo ENOTFOUND unhonoured-carisa-pseudodiphtheric.ngrok-free.dev
[2025-10-28T00:02:07.313Z] ERROR: 💥 Uncaught Exception: spawn EFTYPE
[2025-10-28T00:02:07.313Z] ERROR: ♻️ Restarting due to: Uncaught Exception
Time: 28/10/2025, 03:02:07
[2025-10-28T00:02:17.395Z] ERROR: 💥 Uncaught Exception: spawn EFTYPE
[2025-10-28T00:02:17.395Z] ERROR: ♻️ Restarting due to: Uncaught Exception
Time: 28/10/2025, 03:02:17
[2025-10-28T00:02:27.499Z] ERROR: 💥 Uncaught Exception: spawn EFTYPE
[2025-10-28T00:02:27.499Z] ERROR: ♻️ Restarting due to: Uncaught Exception
Time: 28/10/2025, 03:02:27
